<?xml version="1.0" encoding="UTF-8"?>
<!-- Generated by org.testng.reporters.JUnitXMLReporter -->
<testsuite ignored="0" hostname="ANILESH" failures="2" tests="2" name="Test" time="2.074" errors="0" timestamp="2025-07-25T15:31:04 IST">
  <testcase classname="com.Google.CI.testcases.TC_001_LoginPage" name="testLogin" time="0.025">
    <failure type="java.lang.AssertionError" message="null">
      <![CDATA[java.lang.AssertionError: null
at com.Google.CI.testcases.TC_001_LoginPage.testLogin(TC_001_LoginPage.java:35)
at java.base/java.util.ArrayList.forEach(ArrayList.java:1596)
... Removed 27 stack frames]]>
    </failure>
  </testcase> <!-- testLogin -->
  <testcase classname="com.Google.CI.testcases.TC_001_LoginPage" name="ValidatePage" time="2.016">
    <failure type="java.lang.NullPointerException" message="Cannot invoke &amp;quot;org.openqa.selenium.SearchContext.findElement(org.openqa.selenium.By)&amp;quot; because &amp;quot;this.searchContext&amp;quot; is null">
      <![CDATA[java.lang.NullPointerException: Cannot invoke "org.openqa.selenium.SearchContext.findElement(org.openqa.selenium.By)" because "this.searchContext" is null
at org.openqa.selenium.support.pagefactory.DefaultElementLocator.findElement(DefaultElementLocator.java:68)
at org.openqa.selenium.support.pagefactory.internal.LocatingElementHandler.invoke(LocatingElementHandler.java:38)
at jdk.proxy2/jdk.proxy2.$Proxy11.getText(Unknown Source)
at com.Google.CI.pageObjects.UserPage.myAccountGetDetails(UserPage.java:20)
at com.Google.CI.testcases.TC_001_LoginPage.ValidatePage(TC_001_LoginPage.java:42)
at java.base/java.util.ArrayList.forEach(ArrayList.java:1596)
... Removed 25 stack frames]]>
    </failure>
  </testcase> <!-- ValidatePage -->
</testsuite> <!-- Test -->
